[debug] [2025-11-05T14:20:24.708Z] ----------------------------------------------------------------------
[debug] [2025-11-05T14:20:24.709Z] Command:       /opt/homebrew/Cellar/node/24.4.1/bin/node /opt/homebrew/bin/firebase init
[debug] [2025-11-05T14:20:24.709Z] CLI Version:   14.23.0
[debug] [2025-11-05T14:20:24.709Z] Platform:      darwin
[debug] [2025-11-05T14:20:24.709Z] Node Version:  v24.4.1
[debug] [2025-11-05T14:20:24.709Z] Time:          Wed Nov 05 2025 19:50:24 GMT+0530 (India Standard Time)
[debug] [2025-11-05T14:20:24.709Z] ----------------------------------------------------------------------
[debug] 
[info] 
     ######## #### ########  ######## ########     ###     ######  ########
     ##        ##  ##     ## ##       ##     ##  ##   ##  ##       ##
     ######    ##  ########  ######   ########  #########  ######  ######
     ##        ##  ##    ##  ##       ##     ## ##     ##       ## ##
     ##       #### ##     ## ######## ########  ##     ##  ######  ########

You're about to initialize a Firebase project in this directory:

  /Users/manojprabhakar4509gmail.com/Documents/college-canteen/college-canteen

[debug] [2025-11-05T14:21:40.172Z] ExitPromptError: User force closed the prompt with SIGINT
    at Interface.sigint (/opt/homebrew/lib/node_modules/firebase-tools/node_modules/@inquirer/core/dist/commonjs/lib/create-prompt.js:101:37)
    at Interface.emit (node:events:507:28)
    at Interface.emit (node:domain:489:12)
    at [_ttyWrite] [as _ttyWrite] (node:internal/readline/interface:1315:18)
    at ReadStream.onkeypress (node:internal/readline/interface:284:20)
    at ReadStream.emit (node:events:519:35)
    at ReadStream.emit (node:domain:489:12)
    at emitKeys (node:internal/readline/utils:371:14)
    at emitKeys.next (<anonymous>)
    at ReadStream.onData (node:internal/readline/emitKeypressEvents:64:36)
[error] 
[error] Error: An unexpected error has occurred.
